# JRE version: OpenJDK Runtime Environment 18.9 (11.0.15+10) (build 11.0.15+10)
# Java VM: OpenJDK 64-Bit Server VM 18.9 (11.0.15+10, mixed mode, tiered, compressed oops, g1 gc, windows-amd64)
Heap:
 garbage-first heap   total 83968K, used 63772K [0x00000000c8e00000, 0x0000000100000000)
  region size 1024K, 5 young (5120K), 2 survivors (2048K)
 Metaspace       used 63116K, capacity 63794K, committed 63872K, reserved 1105920K
  class space    used 7248K, capacity 7510K, committed 7552K, reserved 1048576K
GC Heap History (20 events):
Event: 15.173 GC heap before
{Heap before GC invocations=18 (full 0):
 garbage-first heap   total 83968K, used 61254K [0x00000000c8e00000, 0x0000000100000000)
  region size 1024K, 23 young (23552K), 3 survivors (3072K)
 Metaspace       used 56028K, capacity 56584K, committed 56704K, reserved 1099776K
  class space    used 6481K, capacity 6731K, committed 6784K, reserved 1048576K
}
Event: 15.187 GC heap after
{Heap after GC invocations=19 (full 0):
 garbage-first heap   total 83968K, used 44330K [0x00000000c8e00000, 0x0000000100000000)
  region size 1024K, 3 young (3072K), 3 survivors (3072K)
 Metaspace       used 56028K, capacity 56584K, committed 56704K, reserved 1099776K
  class space    used 6481K, capacity 6731K, committed 6784K, reserved 1048576K
}
Event: 16.013 GC heap before
{Heap before GC invocations=20 (full 0):
 garbage-first heap   total 83968K, used 62762K [0x00000000c8e00000, 0x0000000100000000)
  region size 1024K, 21 young (21504K), 3 survivors (3072K)
 Metaspace       used 56596K, capacity 57237K, committed 57600K, reserved 1099776K
  class space    used 6555K, capacity 6800K, committed 6912K, reserved 1048576K
}
Event: 16.027 GC heap after
{Heap after GC invocations=21 (full 0):
 garbage-first heap   total 83968K, used 47730K [0x00000000c8e00000, 0x0000000100000000)
  region size 1024K, 3 young (3072K), 3 survivors (3072K)
 Metaspace       used 56596K, capacity 57237K, committed 57600K, reserved 1099776K
  class space    used 6555K, capacity 6800K, committed 6912K, reserved 1048576K
}
Event: 16.456 GC heap before
{Heap before GC invocations=21 (full 0):
 garbage-first heap   total 83968K, used 65138K [0x00000000c8e00000, 0x0000000100000000)
  region size 1024K, 20 young (20480K), 3 survivors (3072K)
 Metaspace       used 57174K, capacity 57845K, committed 58112K, reserved 1099776K
  class space    used 6627K, capacity 6896K, committed 6912K, reserved 1048576K
}
Event: 16.469 GC heap after
{Heap after GC invocations=22 (full 0):
 garbage-first heap   total 83968K, used 50987K [0x00000000c8e00000, 0x0000000100000000)
  region size 1024K, 3 young (3072K), 3 survivors (3072K)
 Metaspace       used 57174K, capacity 57845K, committed 58112K, reserved 1099776K
  class space    used 6627K, capacity 6896K, committed 6912K, reserved 1048576K
}
Event: 16.915 GC heap before
{Heap before GC invocations=23 (full 0):
 garbage-first heap   total 83968K, used 67371K [0x00000000c8e00000, 0x0000000100000000)
  region size 1024K, 19 young (19456K), 3 survivors (3072K)
 Metaspace       used 57245K, capacity 57910K, committed 58112K, reserved 1099776K
  class space    used 6627K, capacity 6896K, committed 6912K, reserved 1048576K
}
Event: 16.926 GC heap after
{Heap after GC invocations=24 (full 0):
 garbage-first heap   total 83968K, used 53968K [0x00000000c8e00000, 0x0000000100000000)
  region size 1024K, 3 young (3072K), 3 survivors (3072K)
 Metaspace       used 57245K, capacity 57910K, committed 58112K, reserved 1099776K
  class space    used 6627K, capacity 6896K, committed 6912K, reserved 1048576K
}
Event: 17.307 GC heap before
{Heap before GC invocations=24 (full 0):
 garbage-first heap   total 83968K, used 68304K [0x00000000c8e00000, 0x0000000100000000)
  region size 1024K, 17 young (17408K), 3 survivors (3072K)
 Metaspace       used 57498K, capacity 58114K, committed 58368K, reserved 1101824K
  class space    used 6643K, capacity 6900K, committed 6912K, reserved 1048576K
}
Event: 17.330 GC heap after
{Heap after GC invocations=25 (full 0):
 garbage-first heap   total 83968K, used 55866K [0x00000000c8e00000, 0x0000000100000000)
  region size 1024K, 2 young (2048K), 2 survivors (2048K)
 Metaspace       used 57498K, capacity 58114K, committed 58368K, reserved 1101824K
  class space    used 6643K, capacity 6900K, committed 6912K, reserved 1048576K
}
Event: 17.731 GC heap before
{Heap before GC invocations=26 (full 0):
 garbage-first heap   total 83968K, used 69178K [0x00000000c8e00000, 0x0000000100000000)
  region size 1024K, 15 young (15360K), 2 survivors (2048K)
 Metaspace       used 57759K, capacity 58408K, committed 58752K, reserved 1101824K
  class space    used 6664K, capacity 6934K, committed 7040K, reserved 1048576K
}
Event: 17.736 GC heap after
{Heap after GC invocations=27 (full 0):
 garbage-first heap   total 83968K, used 56487K [0x00000000c8e00000, 0x0000000100000000)
  region size 1024K, 1 young (1024K), 1 survivors (1024K)
 Metaspace       used 57759K, capacity 58408K, committed 58752K, reserved 1101824K
  class space    used 6664K, capacity 6934K, committed 7040K, reserved 1048576K
}
Event: 18.081 GC heap before
{Heap before GC invocations=27 (full 0):
 garbage-first heap   total 83968K, used 68775K [0x00000000c8e00000, 0x0000000100000000)
  region size 1024K, 13 young (13312K), 1 survivors (1024K)
 Metaspace       used 58310K, capacity 58960K, committed 59264K, reserved 1101824K
  class space    used 6724K, capacity 6969K, committed 7040K, reserved 1048576K
}
Event: 18.089 GC heap after
{Heap after GC invocations=28 (full 0):
 garbage-first heap   total 83968K, used 56969K [0x00000000c8e00000, 0x0000000100000000)
  region size 1024K, 1 young (1024K), 1 survivors (1024K)
 Metaspace       used 58310K, capacity 58960K, committed 59264K, reserved 1101824K
  class space    used 6724K, capacity 6969K, committed 7040K, reserved 1048576K
}
Event: 19.138 GC heap before
{Heap before GC invocations=29 (full 0):
 garbage-first heap   total 83968K, used 69257K [0x00000000c8e00000, 0x0000000100000000)
  region size 1024K, 13 young (13312K), 1 survivors (1024K)
 Metaspace       used 60253K, capacity 60883K, committed 61056K, reserved 1103872K
  class space    used 6918K, capacity 7182K, committed 7296K, reserved 1048576K
}
Event: 19.146 GC heap after
{Heap after GC invocations=30 (full 0):
 garbage-first heap   total 83968K, used 58232K [0x00000000c8e00000, 0x0000000100000000)
  region size 1024K, 2 young (2048K), 2 survivors (2048K)
 Metaspace       used 60253K, capacity 60883K, committed 61056K, reserved 1103872K
  class space    used 6918K, capacity 7182K, committed 7296K, reserved 1048576K
}
Event: 20.402 GC heap before
{Heap before GC invocations=30 (full 0):
 garbage-first heap   total 83968K, used 69496K [0x00000000c8e00000, 0x0000000100000000)
  region size 1024K, 13 young (13312K), 2 survivors (2048K)
 Metaspace       used 62307K, capacity 62962K, committed 63232K, reserved 1105920K
  class space    used 7107K, capacity 7382K, committed 7424K, reserved 1048576K
}
Event: 20.424 GC heap after
{Heap after GC invocations=31 (full 0):
 garbage-first heap   total 83968K, used 59582K [0x00000000c8e00000, 0x0000000100000000)
  region size 1024K, 2 young (2048K), 2 survivors (2048K)
 Metaspace       used 62307K, capacity 62962K, committed 63232K, reserved 1105920K
  class space    used 7107K, capacity 7382K, committed 7424K, reserved 1048576K
}
Event: 21.070 GC heap before
{Heap before GC invocations=32 (full 0):
 garbage-first heap   total 83968K, used 65726K [0x00000000c8e00000, 0x0000000100000000)
  region size 1024K, 9 young (9216K), 2 survivors (2048K)
 Metaspace       used 63076K, capacity 63730K, committed 63872K, reserved 1105920K
  class space    used 7246K, capacity 7510K, committed 7552K, reserved 1048576K
}
Event: 21.077 GC heap after
{Heap after GC invocations=33 (full 0):
 garbage-first heap   total 83968K, used 60700K [0x00000000c8e00000, 0x0000000100000000)
  region size 1024K, 2 young (2048K), 2 survivors (2048K)
 Metaspace       used 63076K, capacity 63730K, committed 63872K, reserved 1105920K
  class space    used 7246K, capacity 7510K, committed 7552K, reserved 1048576K
}

